0	1	mikroCPIC32.exe -MSF -DBG -pP32MX460F512L -RA -DL -SSA -EBASE 0x9FC01000 -INTDEF MV_SRS7_IS32 -O11111114 -fo80 -N"J:\SAPHIR\LUGE_IhmTactile\Pipboy\USB\ihm_Code\mikroC PRO for PIC32\ihm.mcp32" -SP"C:\Users\Public\Documents\Mikroelektronika\mikroC PRO for PIC32\Defs\" -SP"C:\Users\Public\Documents\Mikroelektronika\mikroC PRO for PIC32\Uses\" -SP"J:\SAPHIR\LUGE_IhmTactile\Pipboy\USB\ihm_Code\mikroC PRO for PIC32\" -IP"J:\SAPHIR\LUGE_IhmTactile\Pipboy\USB\ihm_Code\mikroC PRO for PIC32\" "ihm_main.c" "ihm_events_code.c" "ihm_driver.c" "ihm_resources.c" "__Lib_CP0.emcl" "__Lib_Math.emcl" "__Lib_MathDouble.emcl" "__Lib_System.emcl" "__Lib_SoftResetDma.emcl" "__Lib_Delays.emcl" "__Lib_CType.emcl" "__Lib_CString.emcl" "__Lib_Conversions.emcl" "__Lib_Sprintf.emcl" "__Lib_ADC.emcl" "__Lib_SPI_12.emcl" "__Lib_USB.emcl" "__Lib_Mmc.emcl" "__Lib_MmcFat16.emcl" "__Lib_MmcFat16Constants.emcl" "__Lib_TFT.emcl" "__Lib_TFT_Defs.emcl" "__Lib_TouchPanel_TFT.emcl"	 
diagnostics: 0	122	Compilation Started	P32MX460F512L.c
diagnostics: 15359	123	Compiled Successfully	P32MX460F512L.c
diagnostics: 0	122	Compilation Started	__Lib_Delays.c
diagnostics: 148	123	Compiled Successfully	__Lib_Delays.c
diagnostics: 0	122	Compilation Started	__lib_mmcfat16.h
diagnostics: 71	123	Compiled Successfully	__Lib_MmcFat16Constants.c
diagnostics: 0	122	Compilation Started	__Lib_TFT_Defs.c
diagnostics: 3096	123	Compiled Successfully	__Lib_TFT_Defs.c
diagnostics: 0	122	Compilation Started	ihm_objects.h
hint: 0	1004	interrupt handler (UsbIsr at 0x002D)	ihm_main.c
hint: 92	1163	Variable 'x0' has been declared, but not used	ihm_main.c
hint: 92	1163	Variable 'y0' has been declared, but not used	ihm_main.c
diagnostics: 177	123	Compiled Successfully	ihm_main.c
hint: 50	1164	Variable 'dx' has been eliminated by optimizer	ihm_main.c
hint: 50	1164	Variable 'dy' has been eliminated by optimizer	ihm_main.c
hint: 51	1164	Variable 'x' has been eliminated by optimizer	ihm_main.c
hint: 51	1164	Variable 'y' has been eliminated by optimizer	ihm_main.c
hint: 48	1164	Variable 'i' has been eliminated by optimizer	ihm_main.c
hint: 48	1164	Variable 'j' has been eliminated by optimizer	ihm_main.c
hint: 71	1164	Variable 'dx' has been eliminated by optimizer	ihm_main.c
hint: 71	1164	Variable 'dy' has been eliminated by optimizer	ihm_main.c
hint: 72	1164	Variable 'x' has been eliminated by optimizer	ihm_main.c
hint: 72	1164	Variable 'y' has been eliminated by optimizer	ihm_main.c
hint: 96	1164	Variable 'image_to_draw' has been eliminated by optimizer	ihm_main.c
diagnostics: 0	122	Compilation Started	ihm_objects.h
diagnostics: 29	123	Compiled Successfully	ihm_events_code.c
hint: 22	1164	Variable 'icon_number' has been eliminated by optimizer	ihm_events_code.c
diagnostics: 0	122	Compilation Started	ihm_objects.h
diagnostics: 665	123	Compiled Successfully	ihm_driver.c
diagnostics: 0	122	Compilation Started	ihm_resources.c
diagnostics: 1788	123	Compiled Successfully	ihm_resources.c
diagnostics: 0	127	All files Compiled in 188 ms	 
hint: 0	1144	Used RX: 31 (97%)   Free RX: 1 (3%)	Used RX: 31 (97%)   Free RX: 1 (3%)
hint: 0	1144	Static RAM (bytes): 3124   Dynamic RAM (bytes): 29641	Static RAM (bytes): 3124   Dynamic RAM (bytes): 29641
hint: 0	1144	Used ROM (bytes): 88325 (17%)  Free ROM (bytes): 435963 (83%)	Used ROM (bytes): 88325 (17%)  Free ROM (bytes): 435963 (83%)
hint: 0	1144	Used BOOTROM (bytes): 1912 (16%)  Free BOOTROM (bytes): 10361 (84%)	Used BOOTROM (bytes): 1912 (16%)  Free BOOTROM (bytes): 10361 (84%)
diagnostics: 0	125	Project Linked Successfully	ihm.mcp32
hint: 11	1004	Possible stack overflow: recursion or cross-calling detected.	ihm_events_code.c
diagnostics: 0	128	Linked in 203 ms	 
diagnostics: 0	129	Project 'ihm.mcp32' completed: 844 ms	 
diagnostics: 0	103	Finished successfully: 28 sept. 2015, 20:48:50	ihm.mcp32
